# JRE version: OpenJDK Runtime Environment Temurin-19.0.2+7 (19.0.2+7) (build 19.0.2+7)
# Java VM: OpenJDK 64-Bit Server VM Temurin-19.0.2+7 (19.0.2+7, mixed mode, tiered, compressed oops, compressed class ptrs, g1 gc, windows-amd64)
GC Precious Log:
 CardTable entry size: 512
 Card Set container configuration: InlinePtr #cards 5 size 8 Array Of Cards #cards 12 size 40 Howl #buckets 4 coarsen threshold 1843 Howl Bitmap #cards 512 size 80 coarsen threshold 460 Card regions per heap region 1 cards per card region 2048
 CPUs: 2 total, 2 available
 Memory: 3933M
 Large Page Support: Disabled
 NUMA Support: Disabled
 Compressed Oops: Enabled (32-bit)
 Heap Region Size: 1M
 Heap Min Capacity: 8M
 Heap Initial Capacity: 62M
 Heap Max Capacity: 1G
 Pre-touch: Disabled
 Parallel Workers: 2
 Concurrent Workers: 1
 Concurrent Refinement Workers: 2
 Periodic GC: Disabled
 String Deduplication is enabled
Heap:
 garbage-first heap   total 38912K, used 20511K [0x00000000c0000000, 0x0000000100000000)
  region size 1024K, 13 young (13312K), 2 survivors (2048K)
 Metaspace       used 26857K, committed 27520K, reserved 1114112K
  class space    used 2730K, committed 3008K, reserved 1048576K
GC Heap History (14 events):
Event: 0.726 GC heap before
{Heap before GC invocations=0 (full 0):
 garbage-first heap   total 63488K, used 5120K [0x00000000c0000000, 0x0000000100000000)
  region size 1024K, 6 young (6144K), 0 survivors (0K)
 Metaspace       used 9123K, committed 9344K, reserved 1114112K
  class space    used 849K, committed 960K, reserved 1048576K
}
Event: 0.736 GC heap after
{Heap after GC invocations=1 (full 0):
 garbage-first heap   total 63488K, used 2521K [0x00000000c0000000, 0x0000000100000000)
  region size 1024K, 1 young (1024K), 1 survivors (1024K)
 Metaspace       used 9123K, committed 9344K, reserved 1114112K
  class space    used 849K, committed 960K, reserved 1048576K
}
Event: 0.870 GC heap before
{Heap before GC invocations=1 (full 0):
 garbage-first heap   total 63488K, used 5593K [0x00000000c0000000, 0x0000000100000000)
  region size 1024K, 5 young (5120K), 1 survivors (1024K)
 Metaspace       used 9814K, committed 9920K, reserved 1114112K
  class space    used 924K, committed 960K, reserved 1048576K
}
Event: 0.876 GC heap after
{Heap after GC invocations=2 (full 0):
 garbage-first heap   total 63488K, used 4096K [0x00000000c0000000, 0x0000000100000000)
  region size 1024K, 1 young (1024K), 1 survivors (1024K)
 Metaspace       used 9814K, committed 9920K, reserved 1114112K
  class space    used 924K, committed 960K, reserved 1048576K
}
Event: 1.756 GC heap before
{Heap before GC invocations=2 (full 0):
 garbage-first heap   total 63488K, used 13312K [0x00000000c0000000, 0x0000000100000000)
  region size 1024K, 11 young (11264K), 1 survivors (1024K)
 Metaspace       used 13273K, committed 13440K, reserved 1114112K
  class space    used 1259K, committed 1344K, reserved 1048576K
}
Event: 1.760 GC heap after
{Heap after GC invocations=3 (full 0):
 garbage-first heap   total 63488K, used 5233K [0x00000000c0000000, 0x0000000100000000)
  region size 1024K, 2 young (2048K), 2 survivors (2048K)
 Metaspace       used 13273K, committed 13440K, reserved 1114112K
  class space    used 1259K, committed 1344K, reserved 1048576K
}
Event: 3.291 GC heap before
{Heap before GC invocations=3 (full 0):
 garbage-first heap   total 63488K, used 20593K [0x00000000c0000000, 0x0000000100000000)
  region size 1024K, 19 young (19456K), 2 survivors (2048K)
 Metaspace       used 21090K, committed 21504K, reserved 1114112K
  class space    used 2060K, committed 2304K, reserved 1048576K
}
Event: 3.300 GC heap after
{Heap after GC invocations=4 (full 0):
 garbage-first heap   total 63488K, used 7629K [0x00000000c0000000, 0x0000000100000000)
  region size 1024K, 4 young (4096K), 4 survivors (4096K)
 Metaspace       used 21090K, committed 21504K, reserved 1114112K
  class space    used 2060K, committed 2304K, reserved 1048576K
}
Event: 3.812 GC heap before
{Heap before GC invocations=5 (full 0):
 garbage-first heap   total 30720K, used 20941K [0x00000000c0000000, 0x0000000100000000)
  region size 1024K, 18 young (18432K), 4 survivors (4096K)
 Metaspace       used 23629K, committed 24064K, reserved 1114112K
  class space    used 2370K, committed 2560K, reserved 1048576K
}
Event: 3.822 GC heap after
{Heap after GC invocations=6 (full 0):
 garbage-first heap   total 30720K, used 9263K [0x00000000c0000000, 0x0000000100000000)
  region size 1024K, 2 young (2048K), 2 survivors (2048K)
 Metaspace       used 23629K, committed 24064K, reserved 1114112K
  class space    used 2370K, committed 2560K, reserved 1048576K
}
Event: 3.876 GC heap before
{Heap before GC invocations=6 (full 0):
 garbage-first heap   total 30720K, used 10287K [0x00000000c0000000, 0x0000000100000000)
  region size 1024K, 3 young (3072K), 2 survivors (2048K)
 Metaspace       used 24150K, committed 24704K, reserved 1114112K
  class space    used 2432K, committed 2688K, reserved 1048576K
}
Event: 3.878 GC heap after
{Heap after GC invocations=7 (full 0):
 garbage-first heap   total 30720K, used 9408K [0x00000000c0000000, 0x0000000100000000)
  region size 1024K, 1 young (1024K), 1 survivors (1024K)
 Metaspace       used 24150K, committed 24704K, reserved 1114112K
  class space    used 2432K, committed 2688K, reserved 1048576K
}
Event: 158.456 GC heap before
{Heap before GC invocations=7 (full 0):
 garbage-first heap   total 30720K, used 20672K [0x00000000c0000000, 0x0000000100000000)
  region size 1024K, 12 young (12288K), 1 survivors (1024K)
 Metaspace       used 26776K, committed 27392K, reserved 1114112K
  class space    used 2725K, committed 3008K, reserved 1048576K
}
Event: 158.461 GC heap after
{Heap after GC invocations=8 (full 0):
 garbage-first heap   total 38912K, used 10271K [0x00000000c0000000, 0x0000000100000000)
  region size 1024K, 2 young (2048K), 2 survivors (2048K)
 Metaspace       used 26776K, committed 27392K, reserved 1114112K
  class space    used 2725K, committed 3008K, reserved 1048576K
}

