# JRE version: OpenJDK Runtime Environment Temurin-19.0.2+7 (19.0.2+7) (build 19.0.2+7)
# Java VM: OpenJDK 64-Bit Server VM Temurin-19.0.2+7 (19.0.2+7, mixed mode, sharing, tiered, compressed oops, compressed class ptrs, g1 gc, windows-amd64)
GC Precious Log:
 CardTable entry size: 512
 Card Set container configuration: InlinePtr #cards 5 size 8 Array Of Cards #cards 12 size 40 Howl #buckets 4 coarsen threshold 1843 Howl Bitmap #cards 512 size 80 coarsen threshold 460 Card regions per heap region 1 cards per card region 2048
 CPUs: 2 total, 2 available
 Memory: 3933M
 Large Page Support: Disabled
 NUMA Support: Disabled
 Compressed Oops: Enabled (32-bit)
 Heap Region Size: 1M
 Heap Min Capacity: 8M
 Heap Initial Capacity: 62M
 Heap Max Capacity: 1G
 Pre-touch: Disabled
 Parallel Workers: 2
 Concurrent Workers: 1
 Concurrent Refinement Workers: 2
 Periodic GC: Disabled
 String Deduplication is enabled
Heap:
 garbage-first heap   total 51200K, used 25218K [0x00000000c0000000, 0x0000000100000000)
  region size 1024K, 6 young (6144K), 1 survivors (1024K)
 Metaspace       used 27778K, committed 28736K, reserved 1114112K
  class space    used 2771K, committed 3200K, reserved 1048576K
GC Heap History (20 events):
Event: 5822.519 GC heap before
{Heap before GC invocations=49 (full 0):
 garbage-first heap   total 51200K, used 43682K [0x00000000c0000000, 0x0000000100000000)
  region size 1024K, 23 young (23552K), 1 survivors (1024K)
 Metaspace       used 27720K, committed 28608K, reserved 1114112K
  class space    used 2770K, committed 3200K, reserved 1048576K
}
Event: 5822.522 GC heap after
{Heap after GC invocations=50 (full 0):
 garbage-first heap   total 51200K, used 21116K [0x00000000c0000000, 0x0000000100000000)
  region size 1024K, 1 young (1024K), 1 survivors (1024K)
 Metaspace       used 27720K, committed 28608K, reserved 1114112K
  class space    used 2770K, committed 3200K, reserved 1048576K
}
Event: 5979.686 GC heap before
{Heap before GC invocations=50 (full 0):
 garbage-first heap   total 51200K, used 43644K [0x00000000c0000000, 0x0000000100000000)
  region size 1024K, 23 young (23552K), 1 survivors (1024K)
 Metaspace       used 27727K, committed 28608K, reserved 1114112K
  class space    used 2770K, committed 3200K, reserved 1048576K
}
Event: 5979.688 GC heap after
{Heap after GC invocations=51 (full 0):
 garbage-first heap   total 51200K, used 21103K [0x00000000c0000000, 0x0000000100000000)
  region size 1024K, 1 young (1024K), 1 survivors (1024K)
 Metaspace       used 27727K, committed 28608K, reserved 1114112K
  class space    used 2770K, committed 3200K, reserved 1048576K
}
Event: 6104.927 GC heap before
{Heap before GC invocations=51 (full 0):
 garbage-first heap   total 51200K, used 43631K [0x00000000c0000000, 0x0000000100000000)
  region size 1024K, 23 young (23552K), 1 survivors (1024K)
 Metaspace       used 27727K, committed 28608K, reserved 1114112K
  class space    used 2770K, committed 3200K, reserved 1048576K
}
Event: 6104.934 GC heap after
{Heap after GC invocations=52 (full 0):
 garbage-first heap   total 51200K, used 21165K [0x00000000c0000000, 0x0000000100000000)
  region size 1024K, 1 young (1024K), 1 survivors (1024K)
 Metaspace       used 27727K, committed 28608K, reserved 1114112K
  class space    used 2770K, committed 3200K, reserved 1048576K
}
Event: 6260.189 GC heap before
{Heap before GC invocations=52 (full 0):
 garbage-first heap   total 51200K, used 43693K [0x00000000c0000000, 0x0000000100000000)
  region size 1024K, 23 young (23552K), 1 survivors (1024K)
 Metaspace       used 27727K, committed 28608K, reserved 1114112K
  class space    used 2770K, committed 3200K, reserved 1048576K
}
Event: 6260.204 GC heap after
{Heap after GC invocations=53 (full 0):
 garbage-first heap   total 51200K, used 21155K [0x00000000c0000000, 0x0000000100000000)
  region size 1024K, 1 young (1024K), 1 survivors (1024K)
 Metaspace       used 27727K, committed 28608K, reserved 1114112K
  class space    used 2770K, committed 3200K, reserved 1048576K
}
Event: 6387.847 GC heap before
{Heap before GC invocations=53 (full 0):
 garbage-first heap   total 51200K, used 43683K [0x00000000c0000000, 0x0000000100000000)
  region size 1024K, 23 young (23552K), 1 survivors (1024K)
 Metaspace       used 27727K, committed 28608K, reserved 1114112K
  class space    used 2770K, committed 3200K, reserved 1048576K
}
Event: 6387.855 GC heap after
{Heap after GC invocations=54 (full 0):
 garbage-first heap   total 51200K, used 21175K [0x00000000c0000000, 0x0000000100000000)
  region size 1024K, 1 young (1024K), 1 survivors (1024K)
 Metaspace       used 27727K, committed 28608K, reserved 1114112K
  class space    used 2770K, committed 3200K, reserved 1048576K
}
Event: 6543.610 GC heap before
{Heap before GC invocations=54 (full 0):
 garbage-first heap   total 51200K, used 43703K [0x00000000c0000000, 0x0000000100000000)
  region size 1024K, 23 young (23552K), 1 survivors (1024K)
 Metaspace       used 27729K, committed 28608K, reserved 1114112K
  class space    used 2770K, committed 3200K, reserved 1048576K
}
Event: 6543.615 GC heap after
{Heap after GC invocations=55 (full 0):
 garbage-first heap   total 51200K, used 21148K [0x00000000c0000000, 0x0000000100000000)
  region size 1024K, 1 young (1024K), 1 survivors (1024K)
 Metaspace       used 27729K, committed 28608K, reserved 1114112K
  class space    used 2770K, committed 3200K, reserved 1048576K
}
Event: 6699.178 GC heap before
{Heap before GC invocations=55 (full 0):
 garbage-first heap   total 51200K, used 43676K [0x00000000c0000000, 0x0000000100000000)
  region size 1024K, 23 young (23552K), 1 survivors (1024K)
 Metaspace       used 27729K, committed 28608K, reserved 1114112K
  class space    used 2770K, committed 3200K, reserved 1048576K
}
Event: 6699.185 GC heap after
{Heap after GC invocations=56 (full 0):
 garbage-first heap   total 51200K, used 21095K [0x00000000c0000000, 0x0000000100000000)
  region size 1024K, 1 young (1024K), 1 survivors (1024K)
 Metaspace       used 27729K, committed 28608K, reserved 1114112K
  class space    used 2770K, committed 3200K, reserved 1048576K
}
Event: 6823.363 GC heap before
{Heap before GC invocations=56 (full 0):
 garbage-first heap   total 51200K, used 43623K [0x00000000c0000000, 0x0000000100000000)
  region size 1024K, 23 young (23552K), 1 survivors (1024K)
 Metaspace       used 27729K, committed 28608K, reserved 1114112K
  class space    used 2770K, committed 3200K, reserved 1048576K
}
Event: 6823.370 GC heap after
{Heap after GC invocations=57 (full 0):
 garbage-first heap   total 51200K, used 21161K [0x00000000c0000000, 0x0000000100000000)
  region size 1024K, 1 young (1024K), 1 survivors (1024K)
 Metaspace       used 27729K, committed 28608K, reserved 1114112K
  class space    used 2770K, committed 3200K, reserved 1048576K
}
Event: 6979.280 GC heap before
{Heap before GC invocations=57 (full 0):
 garbage-first heap   total 51200K, used 43689K [0x00000000c0000000, 0x0000000100000000)
  region size 1024K, 23 young (23552K), 1 survivors (1024K)
 Metaspace       used 27729K, committed 28608K, reserved 1114112K
  class space    used 2770K, committed 3200K, reserved 1048576K
}
Event: 6979.287 GC heap after
{Heap after GC invocations=58 (full 0):
 garbage-first heap   total 51200K, used 21129K [0x00000000c0000000, 0x0000000100000000)
  region size 1024K, 1 young (1024K), 1 survivors (1024K)
 Metaspace       used 27729K, committed 28608K, reserved 1114112K
  class space    used 2770K, committed 3200K, reserved 1048576K
}
Event: 7138.629 GC heap before
{Heap before GC invocations=58 (full 0):
 garbage-first heap   total 51200K, used 43657K [0x00000000c0000000, 0x0000000100000000)
  region size 1024K, 23 young (23552K), 1 survivors (1024K)
 Metaspace       used 27735K, committed 28608K, reserved 1114112K
  class space    used 2770K, committed 3200K, reserved 1048576K
}
Event: 7138.631 GC heap after
{Heap after GC invocations=59 (full 0):
 garbage-first heap   total 51200K, used 21122K [0x00000000c0000000, 0x0000000100000000)
  region size 1024K, 1 young (1024K), 1 survivors (1024K)
 Metaspace       used 27735K, committed 28608K, reserved 1114112K
  class space    used 2770K, committed 3200K, reserved 1048576K
}

