# JRE version: OpenJDK Runtime Environment Temurin-19.0.2+7 (19.0.2+7) (build 19.0.2+7)
# Java VM: OpenJDK 64-Bit Server VM Temurin-19.0.2+7 (19.0.2+7, mixed mode, sharing, tiered, compressed oops, compressed class ptrs, g1 gc, windows-amd64)
GC Precious Log:
 CardTable entry size: 512
 Card Set container configuration: InlinePtr #cards 5 size 8 Array Of Cards #cards 12 size 40 Howl #buckets 4 coarsen threshold 1843 Howl Bitmap #cards 512 size 80 coarsen threshold 460 Card regions per heap region 1 cards per card region 2048
 CPUs: 2 total, 2 available
 Memory: 3933M
 Large Page Support: Disabled
 NUMA Support: Disabled
 Compressed Oops: Enabled (32-bit)
 Heap Region Size: 1M
 Heap Min Capacity: 8M
 Heap Initial Capacity: 62M
 Heap Max Capacity: 1G
 Pre-touch: Disabled
 Parallel Workers: 2
 Concurrent Workers: 1
 Concurrent Refinement Workers: 2
 Periodic GC: Disabled
 String Deduplication is enabled
Heap:
 garbage-first heap   total 61440K, used 31615K [0x00000000c0000000, 0x0000000100000000)
  region size 1024K, 7 young (7168K), 2 survivors (2048K)
 Metaspace       used 26535K, committed 27264K, reserved 1114112K
  class space    used 2652K, committed 3008K, reserved 1048576K
GC Heap History (20 events):
Event: 3.638 GC heap before
{Heap before GC invocations=1 (full 0):
 garbage-first heap   total 63488K, used 5641K [0x00000000c0000000, 0x0000000100000000)
  region size 1024K, 5 young (5120K), 1 survivors (1024K)
 Metaspace       used 3194K, committed 3328K, reserved 1114112K
  class space    used 314K, committed 384K, reserved 1048576K
}
Event: 3.647 GC heap after
{Heap after GC invocations=2 (full 0):
 garbage-first heap   total 63488K, used 4056K [0x00000000c0000000, 0x0000000100000000)
  region size 1024K, 1 young (1024K), 1 survivors (1024K)
 Metaspace       used 3194K, committed 3328K, reserved 1114112K
  class space    used 314K, committed 384K, reserved 1048576K
}
Event: 5.118 GC heap before
{Heap before GC invocations=2 (full 0):
 garbage-first heap   total 63488K, used 14296K [0x00000000c0000000, 0x0000000100000000)
  region size 1024K, 11 young (11264K), 1 survivors (1024K)
 Metaspace       used 6415K, committed 6656K, reserved 1114112K
  class space    used 619K, committed 704K, reserved 1048576K
}
Event: 5.123 GC heap after
{Heap after GC invocations=3 (full 0):
 garbage-first heap   total 63488K, used 5246K [0x00000000c0000000, 0x0000000100000000)
  region size 1024K, 2 young (2048K), 2 survivors (2048K)
 Metaspace       used 6415K, committed 6656K, reserved 1114112K
  class space    used 619K, committed 704K, reserved 1048576K
}
Event: 15.351 GC heap before
{Heap before GC invocations=3 (full 0):
 garbage-first heap   total 63488K, used 33918K [0x00000000c0000000, 0x0000000100000000)
  region size 1024K, 31 young (31744K), 2 survivors (2048K)
 Metaspace       used 14391K, committed 14976K, reserved 1114112K
  class space    used 1437K, committed 1664K, reserved 1048576K
}
Event: 15.365 GC heap after
{Heap after GC invocations=4 (full 0):
 garbage-first heap   total 63488K, used 10702K [0x00000000c0000000, 0x0000000100000000)
  region size 1024K, 4 young (4096K), 4 survivors (4096K)
 Metaspace       used 14391K, committed 14976K, reserved 1114112K
  class space    used 1437K, committed 1664K, reserved 1048576K
}
Event: 17.012 GC heap before
{Heap before GC invocations=4 (full 0):
 garbage-first heap   total 63488K, used 39374K [0x00000000c0000000, 0x0000000100000000)
  region size 1024K, 28 young (28672K), 4 survivors (4096K)
 Metaspace       used 18579K, committed 19264K, reserved 1114112K
  class space    used 1892K, committed 2240K, reserved 1048576K
}
Event: 17.024 GC heap after
{Heap after GC invocations=5 (full 0):
 garbage-first heap   total 63488K, used 15360K [0x00000000c0000000, 0x0000000100000000)
  region size 1024K, 4 young (4096K), 4 survivors (4096K)
 Metaspace       used 18579K, committed 19264K, reserved 1114112K
  class space    used 1892K, committed 2240K, reserved 1048576K
}
Event: 19.364 GC heap before
{Heap before GC invocations=5 (full 0):
 garbage-first heap   total 63488K, used 37888K [0x00000000c0000000, 0x0000000100000000)
  region size 1024K, 26 young (26624K), 4 survivors (4096K)
 Metaspace       used 20011K, committed 20672K, reserved 1114112K
  class space    used 2065K, committed 2368K, reserved 1048576K
}
Event: 19.371 GC heap after
{Heap after GC invocations=6 (full 0):
 garbage-first heap   total 63488K, used 16526K [0x00000000c0000000, 0x0000000100000000)
  region size 1024K, 1 young (1024K), 1 survivors (1024K)
 Metaspace       used 20011K, committed 20672K, reserved 1114112K
  class space    used 2065K, committed 2368K, reserved 1048576K
}
Event: 20.375 GC heap before
{Heap before GC invocations=6 (full 0):
 garbage-first heap   total 63488K, used 21646K [0x00000000c0000000, 0x0000000100000000)
  region size 1024K, 7 young (7168K), 1 survivors (1024K)
 Metaspace       used 20806K, committed 21504K, reserved 1114112K
  class space    used 2154K, committed 2496K, reserved 1048576K
}
Event: 20.380 GC heap after
{Heap after GC invocations=7 (full 0):
 garbage-first heap   total 63488K, used 16396K [0x00000000c0000000, 0x0000000100000000)
  region size 1024K, 1 young (1024K), 1 survivors (1024K)
 Metaspace       used 20806K, committed 21504K, reserved 1114112K
  class space    used 2154K, committed 2496K, reserved 1048576K
}
Event: 31.868 GC heap before
{Heap before GC invocations=8 (full 0):
 garbage-first heap   total 61440K, used 44044K [0x00000000c0000000, 0x0000000100000000)
  region size 1024K, 29 young (29696K), 1 survivors (1024K)
 Metaspace       used 24554K, committed 25280K, reserved 1114112K
  class space    used 2474K, committed 2816K, reserved 1048576K
}
Event: 31.880 GC heap after
{Heap after GC invocations=9 (full 0):
 garbage-first heap   total 61440K, used 21898K [0x00000000c0000000, 0x0000000100000000)
  region size 1024K, 4 young (4096K), 4 survivors (4096K)
 Metaspace       used 24554K, committed 25280K, reserved 1114112K
  class space    used 2474K, committed 2816K, reserved 1048576K
}
Event: 31.897 GC heap before
{Heap before GC invocations=9 (full 0):
 garbage-first heap   total 61440K, used 22922K [0x00000000c0000000, 0x0000000100000000)
  region size 1024K, 5 young (5120K), 4 survivors (4096K)
 Metaspace       used 24556K, committed 25280K, reserved 1114112K
  class space    used 2474K, committed 2816K, reserved 1048576K
}
Event: 31.904 GC heap after
{Heap after GC invocations=10 (full 0):
 garbage-first heap   total 61440K, used 21348K [0x00000000c0000000, 0x0000000100000000)
  region size 1024K, 1 young (1024K), 1 survivors (1024K)
 Metaspace       used 24556K, committed 25280K, reserved 1114112K
  class space    used 2474K, committed 2816K, reserved 1048576K
}
Event: 34.597 GC heap before
{Heap before GC invocations=10 (full 0):
 garbage-first heap   total 61440K, used 42852K [0x00000000c0000000, 0x0000000100000000)
  region size 1024K, 22 young (22528K), 1 survivors (1024K)
 Metaspace       used 25715K, committed 26496K, reserved 1114112K
  class space    used 2568K, committed 2944K, reserved 1048576K
}
Event: 34.606 GC heap after
{Heap after GC invocations=11 (full 0):
 garbage-first heap   total 61440K, used 25600K [0x00000000c0000000, 0x0000000100000000)
  region size 1024K, 3 young (3072K), 3 survivors (3072K)
 Metaspace       used 25715K, committed 26496K, reserved 1114112K
  class space    used 2568K, committed 2944K, reserved 1048576K
}
Event: 67.820 GC heap before
{Heap before GC invocations=11 (full 0):
 garbage-first heap   total 61440K, used 44032K [0x00000000c0000000, 0x0000000100000000)
  region size 1024K, 21 young (21504K), 3 survivors (3072K)
 Metaspace       used 26508K, committed 27264K, reserved 1114112K
  class space    used 2652K, committed 3008K, reserved 1048576K
}
Event: 67.831 GC heap after
{Heap after GC invocations=12 (full 0):
 garbage-first heap   total 61440K, used 27519K [0x00000000c0000000, 0x0000000100000000)
  region size 1024K, 2 young (2048K), 2 survivors (2048K)
 Metaspace       used 26508K, committed 27264K, reserved 1114112K
  class space    used 2652K, committed 3008K, reserved 1048576K
}

