# JRE version: OpenJDK Runtime Environment Temurin-19.0.2+7 (19.0.2+7) (build 19.0.2+7)
# Java VM: OpenJDK 64-Bit Server VM Temurin-19.0.2+7 (19.0.2+7, mixed mode, sharing, tiered, compressed oops, compressed class ptrs, g1 gc, windows-amd64)
GC Precious Log:
 CardTable entry size: 512
 Card Set container configuration: InlinePtr #cards 5 size 8 Array Of Cards #cards 12 size 40 Howl #buckets 4 coarsen threshold 1843 Howl Bitmap #cards 512 size 80 coarsen threshold 460 Card regions per heap region 1 cards per card region 2048
 CPUs: 2 total, 2 available
 Memory: 3933M
 Large Page Support: Disabled
 NUMA Support: Disabled
 Compressed Oops: Enabled (32-bit)
 Heap Region Size: 1M
 Heap Min Capacity: 8M
 Heap Initial Capacity: 62M
 Heap Max Capacity: 1G
 Pre-touch: Disabled
 Parallel Workers: 2
 Concurrent Workers: 1
 Concurrent Refinement Workers: 2
 Periodic GC: Disabled
 String Deduplication is enabled
Heap:
 garbage-first heap   total 40960K, used 25599K [0x00000000c0000000, 0x0000000100000000)
  region size 1024K, 17 young (17408K), 1 survivors (1024K)
 Metaspace       used 24274K, committed 25088K, reserved 1114112K
  class space    used 2486K, committed 2880K, reserved 1048576K
GC Heap History (16 events):
Event: 0.623 GC heap before
{Heap before GC invocations=0 (full 0):
 garbage-first heap   total 63488K, used 5120K [0x00000000c0000000, 0x0000000100000000)
  region size 1024K, 6 young (6144K), 0 survivors (0K)
 Metaspace       used 2579K, committed 2688K, reserved 1114112K
  class space    used 249K, committed 320K, reserved 1048576K
}
Event: 0.635 GC heap after
{Heap after GC invocations=1 (full 0):
 garbage-first heap   total 63488K, used 2515K [0x00000000c0000000, 0x0000000100000000)
  region size 1024K, 1 young (1024K), 1 survivors (1024K)
 Metaspace       used 2579K, committed 2688K, reserved 1114112K
  class space    used 249K, committed 320K, reserved 1048576K
}
Event: 0.823 GC heap before
{Heap before GC invocations=1 (full 0):
 garbage-first heap   total 63488K, used 5587K [0x00000000c0000000, 0x0000000100000000)
  region size 1024K, 5 young (5120K), 1 survivors (1024K)
 Metaspace       used 3183K, committed 3328K, reserved 1114112K
  class space    used 314K, committed 384K, reserved 1048576K
}
Event: 0.827 GC heap after
{Heap after GC invocations=2 (full 0):
 garbage-first heap   total 63488K, used 4056K [0x00000000c0000000, 0x0000000100000000)
  region size 1024K, 1 young (1024K), 1 survivors (1024K)
 Metaspace       used 3183K, committed 3328K, reserved 1114112K
  class space    used 314K, committed 384K, reserved 1048576K
}
Event: 1.676 GC heap before
{Heap before GC invocations=2 (full 0):
 garbage-first heap   total 63488K, used 13272K [0x00000000c0000000, 0x0000000100000000)
  region size 1024K, 11 young (11264K), 1 survivors (1024K)
 Metaspace       used 6367K, committed 6528K, reserved 1114112K
  class space    used 616K, committed 704K, reserved 1048576K
}
Event: 1.681 GC heap after
{Heap after GC invocations=3 (full 0):
 garbage-first heap   total 63488K, used 5080K [0x00000000c0000000, 0x0000000100000000)
  region size 1024K, 2 young (2048K), 2 survivors (2048K)
 Metaspace       used 6367K, committed 6528K, reserved 1114112K
  class space    used 616K, committed 704K, reserved 1048576K
}
Event: 9.491 GC heap before
{Heap before GC invocations=3 (full 0):
 garbage-first heap   total 63488K, used 36824K [0x00000000c0000000, 0x0000000100000000)
  region size 1024K, 33 young (33792K), 2 survivors (2048K)
 Metaspace       used 15782K, committed 16384K, reserved 1114112K
  class space    used 1624K, committed 1920K, reserved 1048576K
}
Event: 9.501 GC heap after
{Heap after GC invocations=4 (full 0):
 garbage-first heap   total 63488K, used 8950K [0x00000000c0000000, 0x0000000100000000)
  region size 1024K, 5 young (5120K), 5 survivors (5120K)
 Metaspace       used 15782K, committed 16384K, reserved 1114112K
  class space    used 1624K, committed 1920K, reserved 1048576K
}
Event: 16.119 GC heap before
{Heap before GC invocations=4 (full 0):
 garbage-first heap   total 63488K, used 21238K [0x00000000c0000000, 0x0000000100000000)
  region size 1024K, 19 young (19456K), 5 survivors (5120K)
 Metaspace       used 20799K, committed 21504K, reserved 1114112K
  class space    used 2175K, committed 2496K, reserved 1048576K
}
Event: 16.132 GC heap after
{Heap after GC invocations=5 (full 0):
 garbage-first heap   total 63488K, used 11028K [0x00000000c0000000, 0x0000000100000000)
  region size 1024K, 2 young (2048K), 2 survivors (2048K)
 Metaspace       used 20799K, committed 21504K, reserved 1114112K
  class space    used 2175K, committed 2496K, reserved 1048576K
}
Event: 358.812 GC heap before
{Heap before GC invocations=6 (full 0):
 garbage-first heap   total 40960K, used 32532K [0x00000000c0000000, 0x0000000100000000)
  region size 1024K, 24 young (24576K), 2 survivors (2048K)
 Metaspace       used 23696K, committed 24448K, reserved 1114112K
  class space    used 2465K, committed 2816K, reserved 1048576K
}
Event: 358.820 GC heap after
{Heap after GC invocations=7 (full 0):
 garbage-first heap   total 40960K, used 11547K [0x00000000c0000000, 0x0000000100000000)
  region size 1024K, 1 young (1024K), 1 survivors (1024K)
 Metaspace       used 23696K, committed 24448K, reserved 1114112K
  class space    used 2465K, committed 2816K, reserved 1048576K
}
Event: 362.540 GC heap before
{Heap before GC invocations=7 (full 0):
 garbage-first heap   total 40960K, used 11547K [0x00000000c0000000, 0x0000000100000000)
  region size 1024K, 2 young (2048K), 1 survivors (1024K)
 Metaspace       used 23704K, committed 24448K, reserved 1114112K
  class space    used 2465K, committed 2816K, reserved 1048576K
}
Event: 362.544 GC heap after
{Heap after GC invocations=8 (full 0):
 garbage-first heap   total 40960K, used 11280K [0x00000000c0000000, 0x0000000100000000)
  region size 1024K, 1 young (1024K), 1 survivors (1024K)
 Metaspace       used 23704K, committed 24448K, reserved 1114112K
  class space    used 2465K, committed 2816K, reserved 1048576K
}
Event: 661.292 GC heap before
{Heap before GC invocations=8 (full 0):
 garbage-first heap   total 40960K, used 28688K [0x00000000c0000000, 0x0000000100000000)
  region size 1024K, 18 young (18432K), 1 survivors (1024K)
 Metaspace       used 24012K, committed 24768K, reserved 1114112K
  class space    used 2470K, committed 2816K, reserved 1048576K
}
Event: 661.293 GC heap after
{Heap after GC invocations=9 (full 0):
 garbage-first heap   total 40960K, used 11263K [0x00000000c0000000, 0x0000000100000000)
  region size 1024K, 1 young (1024K), 1 survivors (1024K)
 Metaspace       used 24012K, committed 24768K, reserved 1114112K
  class space    used 2470K, committed 2816K, reserved 1048576K
}

