# JRE version: OpenJDK Runtime Environment Temurin-19.0.2+7 (19.0.2+7) (build 19.0.2+7)
# Java VM: OpenJDK 64-Bit Server VM Temurin-19.0.2+7 (19.0.2+7, mixed mode, sharing, tiered, compressed oops, compressed class ptrs, g1 gc, windows-amd64)
GC Precious Log:
 CardTable entry size: 512
 Card Set container configuration: InlinePtr #cards 5 size 8 Array Of Cards #cards 12 size 40 Howl #buckets 4 coarsen threshold 1843 Howl Bitmap #cards 512 size 80 coarsen threshold 460 Card regions per heap region 1 cards per card region 2048
 CPUs: 2 total, 2 available
 Memory: 3933M
 Large Page Support: Disabled
 NUMA Support: Disabled
 Compressed Oops: Enabled (32-bit)
 Heap Region Size: 1M
 Heap Min Capacity: 8M
 Heap Initial Capacity: 62M
 Heap Max Capacity: 1G
 Pre-touch: Disabled
 Parallel Workers: 2
 Concurrent Workers: 1
 Concurrent Refinement Workers: 2
 Periodic GC: Disabled
 String Deduplication is enabled
Heap:
 garbage-first heap   total 63488K, used 14142K [0x00000000c0000000, 0x0000000100000000)
  region size 1024K, 11 young (11264K), 5 survivors (5120K)
 Metaspace       used 17144K, committed 17728K, reserved 1114112K
  class space    used 1820K, committed 2048K, reserved 1048576K
GC Heap History (8 events):
Event: 8.022 GC heap before
{Heap before GC invocations=0 (full 0):
 garbage-first heap   total 63488K, used 5120K [0x00000000c0000000, 0x0000000100000000)
  region size 1024K, 6 young (6144K), 0 survivors (0K)
 Metaspace       used 2593K, committed 2752K, reserved 1114112K
  class space    used 249K, committed 320K, reserved 1048576K
}
Event: 8.251 GC heap after
{Heap after GC invocations=1 (full 0):
 garbage-first heap   total 63488K, used 2510K [0x00000000c0000000, 0x0000000100000000)
  region size 1024K, 1 young (1024K), 1 survivors (1024K)
 Metaspace       used 2593K, committed 2752K, reserved 1114112K
  class space    used 249K, committed 320K, reserved 1048576K
}
Event: 10.891 GC heap before
{Heap before GC invocations=1 (full 0):
 garbage-first heap   total 63488K, used 5582K [0x00000000c0000000, 0x0000000100000000)
  region size 1024K, 5 young (5120K), 1 survivors (1024K)
 Metaspace       used 3196K, committed 3328K, reserved 1114112K
  class space    used 314K, committed 384K, reserved 1048576K
}
Event: 10.899 GC heap after
{Heap after GC invocations=2 (full 0):
 garbage-first heap   total 63488K, used 3998K [0x00000000c0000000, 0x0000000100000000)
  region size 1024K, 1 young (1024K), 1 survivors (1024K)
 Metaspace       used 3196K, committed 3328K, reserved 1114112K
  class space    used 314K, committed 384K, reserved 1048576K
}
Event: 14.820 GC heap before
{Heap before GC invocations=2 (full 0):
 garbage-first heap   total 63488K, used 12190K [0x00000000c0000000, 0x0000000100000000)
  region size 1024K, 10 young (10240K), 1 survivors (1024K)
 Metaspace       used 6110K, committed 6336K, reserved 1114112K
  class space    used 585K, committed 704K, reserved 1048576K
}
Event: 14.824 GC heap after
{Heap after GC invocations=3 (full 0):
 garbage-first heap   total 63488K, used 5022K [0x00000000c0000000, 0x0000000100000000)
  region size 1024K, 2 young (2048K), 2 survivors (2048K)
 Metaspace       used 6110K, committed 6336K, reserved 1114112K
  class space    used 585K, committed 704K, reserved 1048576K
}
Event: 25.490 GC heap before
{Heap before GC invocations=3 (full 0):
 garbage-first heap   total 63488K, used 35742K [0x00000000c0000000, 0x0000000100000000)
  region size 1024K, 33 young (33792K), 2 survivors (2048K)
 Metaspace       used 15564K, committed 16128K, reserved 1114112K
  class space    used 1623K, committed 1856K, reserved 1048576K
}
Event: 25.500 GC heap after
{Heap after GC invocations=4 (full 0):
 garbage-first heap   total 63488K, used 9022K [0x00000000c0000000, 0x0000000100000000)
  region size 1024K, 5 young (5120K), 5 survivors (5120K)
 Metaspace       used 15564K, committed 16128K, reserved 1114112K
  class space    used 1623K, committed 1856K, reserved 1048576K
}

