# JRE version: OpenJDK Runtime Environment Temurin-19.0.2+7 (19.0.2+7) (build 19.0.2+7)
# Java VM: OpenJDK 64-Bit Server VM Temurin-19.0.2+7 (19.0.2+7, mixed mode, sharing, tiered, compressed oops, compressed class ptrs, g1 gc, windows-amd64)
GC Precious Log:
 CardTable entry size: 512
 Card Set container configuration: InlinePtr #cards 5 size 8 Array Of Cards #cards 12 size 40 Howl #buckets 4 coarsen threshold 1843 Howl Bitmap #cards 512 size 80 coarsen threshold 460 Card regions per heap region 1 cards per card region 2048
 CPUs: 2 total, 2 available
 Memory: 3933M
 Large Page Support: Disabled
 NUMA Support: Disabled
 Compressed Oops: Enabled (32-bit)
 Heap Region Size: 1M
 Heap Min Capacity: 8M
 Heap Initial Capacity: 62M
 Heap Max Capacity: 1G
 Pre-touch: Disabled
 Parallel Workers: 2
 Concurrent Workers: 1
 Concurrent Refinement Workers: 2
 Periodic GC: Disabled
 String Deduplication is enabled
Heap:
 garbage-first heap   total 58368K, used 53248K [0x00000000c0000000, 0x0000000100000000)
  region size 1024K, 11 young (11264K), 1 survivors (1024K)
 Metaspace       used 26945K, committed 27648K, reserved 1114112K
  class space    used 2671K, committed 3008K, reserved 1048576K
GC Heap History (20 events):
Event: 10.982 GC heap before
{Heap before GC invocations=3 (full 0):
 garbage-first heap   total 63488K, used 35840K [0x00000000c0000000, 0x0000000100000000)
  region size 1024K, 33 young (33792K), 2 survivors (2048K)
 Metaspace       used 14655K, committed 15168K, reserved 1114112K
  class space    used 1464K, committed 1664K, reserved 1048576K
}
Event: 10.994 GC heap after
{Heap after GC invocations=4 (full 0):
 garbage-first heap   total 63488K, used 9742K [0x00000000c0000000, 0x0000000100000000)
  region size 1024K, 5 young (5120K), 5 survivors (5120K)
 Metaspace       used 14655K, committed 15168K, reserved 1114112K
  class space    used 1464K, committed 1664K, reserved 1048576K
}
Event: 14.422 GC heap before
{Heap before GC invocations=4 (full 0):
 garbage-first heap   total 63488K, used 39438K [0x00000000c0000000, 0x0000000100000000)
  region size 1024K, 30 young (30720K), 5 survivors (5120K)
 Metaspace       used 16306K, committed 16896K, reserved 1114112K
  class space    used 1615K, committed 1856K, reserved 1048576K
}
Event: 14.437 GC heap after
{Heap after GC invocations=5 (full 0):
 garbage-first heap   total 63488K, used 14002K [0x00000000c0000000, 0x0000000100000000)
  region size 1024K, 4 young (4096K), 4 survivors (4096K)
 Metaspace       used 16306K, committed 16896K, reserved 1114112K
  class space    used 1615K, committed 1856K, reserved 1048576K
}
Event: 16.838 GC heap before
{Heap before GC invocations=5 (full 0):
 garbage-first heap   total 63488K, used 38578K [0x00000000c0000000, 0x0000000100000000)
  region size 1024K, 28 young (28672K), 4 survivors (4096K)
 Metaspace       used 20195K, committed 20864K, reserved 1114112K
  class space    used 2090K, committed 2432K, reserved 1048576K
}
Event: 16.847 GC heap after
{Heap after GC invocations=6 (full 0):
 garbage-first heap   total 63488K, used 15867K [0x00000000c0000000, 0x0000000100000000)
  region size 1024K, 2 young (2048K), 2 survivors (2048K)
 Metaspace       used 20195K, committed 20864K, reserved 1114112K
  class space    used 2090K, committed 2432K, reserved 1048576K
}
Event: 19.720 GC heap before
{Heap before GC invocations=6 (full 0):
 garbage-first heap   total 63488K, used 22011K [0x00000000c0000000, 0x0000000100000000)
  region size 1024K, 9 young (9216K), 2 survivors (2048K)
 Metaspace       used 20885K, committed 21504K, reserved 1114112K
  class space    used 2160K, committed 2432K, reserved 1048576K
}
Event: 19.724 GC heap after
{Heap after GC invocations=7 (full 0):
 garbage-first heap   total 63488K, used 16084K [0x00000000c0000000, 0x0000000100000000)
  region size 1024K, 2 young (2048K), 2 survivors (2048K)
 Metaspace       used 20885K, committed 21504K, reserved 1114112K
  class space    used 2160K, committed 2432K, reserved 1048576K
}
Event: 29.570 GC heap before
{Heap before GC invocations=8 (full 0):
 garbage-first heap   total 58368K, used 44756K [0x00000000c0000000, 0x0000000100000000)
  region size 1024K, 31 young (31744K), 2 survivors (2048K)
 Metaspace       used 23416K, committed 24256K, reserved 1114112K
  class space    used 2395K, committed 2752K, reserved 1048576K
}
Event: 29.575 GC heap after
{Heap after GC invocations=9 (full 0):
 garbage-first heap   total 58368K, used 16474K [0x00000000c0000000, 0x0000000100000000)
  region size 1024K, 3 young (3072K), 3 survivors (3072K)
 Metaspace       used 23416K, committed 24256K, reserved 1114112K
  class space    used 2395K, committed 2752K, reserved 1048576K
}
Event: 29.594 GC heap before
{Heap before GC invocations=9 (full 0):
 garbage-first heap   total 58368K, used 17498K [0x00000000c0000000, 0x0000000100000000)
  region size 1024K, 4 young (4096K), 3 survivors (3072K)
 Metaspace       used 23609K, committed 24448K, reserved 1114112K
  class space    used 2409K, committed 2752K, reserved 1048576K
}
Event: 29.600 GC heap after
{Heap after GC invocations=10 (full 0):
 garbage-first heap   total 58368K, used 16381K [0x00000000c0000000, 0x0000000100000000)
  region size 1024K, 1 young (1024K), 1 survivors (1024K)
 Metaspace       used 23609K, committed 24448K, reserved 1114112K
  class space    used 2409K, committed 2752K, reserved 1048576K
}
Event: 35.795 GC heap before
{Heap before GC invocations=10 (full 0):
 garbage-first heap   total 58368K, used 41981K [0x00000000c0000000, 0x0000000100000000)
  region size 1024K, 27 young (27648K), 1 survivors (1024K)
 Metaspace       used 25234K, committed 25984K, reserved 1114112K
  class space    used 2500K, committed 2816K, reserved 1048576K
}
Event: 35.803 GC heap after
{Heap after GC invocations=11 (full 0):
 garbage-first heap   total 58368K, used 18401K [0x00000000c0000000, 0x0000000100000000)
  region size 1024K, 3 young (3072K), 3 survivors (3072K)
 Metaspace       used 25234K, committed 25984K, reserved 1114112K
  class space    used 2500K, committed 2816K, reserved 1048576K
}
Event: 44.268 GC heap before
{Heap before GC invocations=11 (full 0):
 garbage-first heap   total 58368K, used 41953K [0x00000000c0000000, 0x0000000100000000)
  region size 1024K, 27 young (27648K), 3 survivors (3072K)
 Metaspace       used 26239K, committed 27008K, reserved 1114112K
  class space    used 2605K, committed 2944K, reserved 1048576K
}
Event: 44.275 GC heap after
{Heap after GC invocations=12 (full 0):
 garbage-first heap   total 58368K, used 20221K [0x00000000c0000000, 0x0000000100000000)
  region size 1024K, 2 young (2048K), 2 survivors (2048K)
 Metaspace       used 26239K, committed 27008K, reserved 1114112K
  class space    used 2605K, committed 2944K, reserved 1048576K
}
Event: 46.666 GC heap before
{Heap before GC invocations=12 (full 0):
 garbage-first heap   total 58368K, used 42749K [0x00000000c0000000, 0x0000000100000000)
  region size 1024K, 25 young (25600K), 2 survivors (2048K)
 Metaspace       used 26848K, committed 27584K, reserved 1114112K
  class space    used 2668K, committed 3008K, reserved 1048576K
}
Event: 46.697 GC heap after
{Heap after GC invocations=13 (full 0):
 garbage-first heap   total 58368K, used 30901K [0x00000000c0000000, 0x0000000100000000)
  region size 1024K, 4 young (4096K), 4 survivors (4096K)
 Metaspace       used 26848K, committed 27584K, reserved 1114112K
  class space    used 2668K, committed 3008K, reserved 1048576K
}
Event: 46.798 GC heap before
{Heap before GC invocations=13 (full 0):
 garbage-first heap   total 58368K, used 32949K [0x00000000c0000000, 0x0000000100000000)
  region size 1024K, 7 young (7168K), 4 survivors (4096K)
 Metaspace       used 26877K, committed 27584K, reserved 1114112K
  class space    used 2668K, committed 3008K, reserved 1048576K
}
Event: 46.813 GC heap after
{Heap after GC invocations=14 (full 0):
 garbage-first heap   total 58368K, used 32768K [0x00000000c0000000, 0x0000000100000000)
  region size 1024K, 1 young (1024K), 1 survivors (1024K)
 Metaspace       used 26877K, committed 27584K, reserved 1114112K
  class space    used 2668K, committed 3008K, reserved 1048576K
}

