# JRE version: OpenJDK Runtime Environment Temurin-19.0.2+7 (19.0.2+7) (build 19.0.2+7)
# Java VM: OpenJDK 64-Bit Server VM Temurin-19.0.2+7 (19.0.2+7, mixed mode, sharing, tiered, compressed oops, compressed class ptrs, g1 gc, windows-amd64)
GC Precious Log:
 CardTable entry size: 512
 Card Set container configuration: InlinePtr #cards 5 size 8 Array Of Cards #cards 12 size 40 Howl #buckets 4 coarsen threshold 1843 Howl Bitmap #cards 512 size 80 coarsen threshold 460 Card regions per heap region 1 cards per card region 2048
 CPUs: 2 total, 2 available
 Memory: 3933M
 Large Page Support: Disabled
 NUMA Support: Disabled
 Compressed Oops: Enabled (32-bit)
 Heap Region Size: 1M
 Heap Min Capacity: 8M
 Heap Initial Capacity: 62M
 Heap Max Capacity: 1G
 Pre-touch: Disabled
 Parallel Workers: 2
 Concurrent Workers: 1
 Concurrent Refinement Workers: 2
 Periodic GC: Disabled
 String Deduplication is enabled
Heap:
 garbage-first heap   total 119808K, used 65328K [0x00000000c0000000, 0x0000000100000000)
  region size 1024K, 34 young (34816K), 1 survivors (1024K)
 Metaspace       used 28960K, committed 29760K, reserved 1114112K
  class space    used 2772K, committed 3136K, reserved 1048576K
GC Heap History (20 events):
Event: 1436.973 GC heap before
{Heap before GC invocations=31 (full 0):
 garbage-first heap   total 126976K, used 99580K [0x00000000c0000000, 0x0000000100000000)
  region size 1024K, 65 young (66560K), 1 survivors (1024K)
 Metaspace       used 27899K, committed 28672K, reserved 1114112K
  class space    used 2728K, committed 3072K, reserved 1048576K
}
Event: 1436.976 GC heap after
{Heap after GC invocations=32 (full 0):
 garbage-first heap   total 126976K, used 35163K [0x00000000c0000000, 0x0000000100000000)
  region size 1024K, 1 young (1024K), 1 survivors (1024K)
 Metaspace       used 27899K, committed 28672K, reserved 1114112K
  class space    used 2728K, committed 3072K, reserved 1048576K
}
Event: 1783.015 GC heap before
{Heap before GC invocations=33 (full 0):
 garbage-first heap   total 126976K, used 101723K [0x00000000c0000000, 0x0000000100000000)
  region size 1024K, 67 young (68608K), 1 survivors (1024K)
 Metaspace       used 28070K, committed 28800K, reserved 1114112K
  class space    used 2699K, committed 3072K, reserved 1048576K
}
Event: 1783.018 GC heap after
{Heap after GC invocations=34 (full 0):
 garbage-first heap   total 126976K, used 35103K [0x00000000c0000000, 0x0000000100000000)
  region size 1024K, 1 young (1024K), 1 survivors (1024K)
 Metaspace       used 28070K, committed 28800K, reserved 1114112K
  class space    used 2699K, committed 3072K, reserved 1048576K
}
Event: 1783.469 GC heap before
{Heap before GC invocations=34 (full 0):
 garbage-first heap   total 126976K, used 40223K [0x00000000c0000000, 0x0000000100000000)
  region size 1024K, 6 young (6144K), 1 survivors (1024K)
 Metaspace       used 28084K, committed 28800K, reserved 1114112K
  class space    used 2699K, committed 3072K, reserved 1048576K
}
Event: 1783.485 GC heap after
{Heap after GC invocations=35 (full 0):
 garbage-first heap   total 126976K, used 34210K [0x00000000c0000000, 0x0000000100000000)
  region size 1024K, 1 young (1024K), 1 survivors (1024K)
 Metaspace       used 28084K, committed 28800K, reserved 1114112K
  class space    used 2699K, committed 3072K, reserved 1048576K
}
Event: 1927.416 GC heap before
{Heap before GC invocations=35 (full 0):
 garbage-first heap   total 126976K, used 103842K [0x00000000c0000000, 0x0000000100000000)
  region size 1024K, 69 young (70656K), 1 survivors (1024K)
 Metaspace       used 28491K, committed 29248K, reserved 1114112K
  class space    used 2752K, committed 3072K, reserved 1048576K
}
Event: 1927.428 GC heap after
{Heap after GC invocations=36 (full 0):
 garbage-first heap   total 126976K, used 34448K [0x00000000c0000000, 0x0000000100000000)
  region size 1024K, 1 young (1024K), 1 survivors (1024K)
 Metaspace       used 28491K, committed 29248K, reserved 1114112K
  class space    used 2752K, committed 3072K, reserved 1048576K
}
Event: 2100.491 GC heap before
{Heap before GC invocations=37 (full 0):
 garbage-first heap   total 126976K, used 105104K [0x00000000c0000000, 0x0000000100000000)
  region size 1024K, 70 young (71680K), 1 survivors (1024K)
 Metaspace       used 28671K, committed 29504K, reserved 1114112K
  class space    used 2767K, committed 3136K, reserved 1048576K
}
Event: 2100.496 GC heap after
{Heap after GC invocations=38 (full 0):
 garbage-first heap   total 126976K, used 34557K [0x00000000c0000000, 0x0000000100000000)
  region size 1024K, 1 young (1024K), 1 survivors (1024K)
 Metaspace       used 28671K, committed 29504K, reserved 1114112K
  class space    used 2767K, committed 3136K, reserved 1048576K
}
Event: 2101.217 GC heap before
{Heap before GC invocations=38 (full 0):
 garbage-first heap   total 126976K, used 39677K [0x00000000c0000000, 0x0000000100000000)
  region size 1024K, 6 young (6144K), 1 survivors (1024K)
 Metaspace       used 28673K, committed 29504K, reserved 1114112K
  class space    used 2767K, committed 3136K, reserved 1048576K
}
Event: 2101.234 GC heap after
{Heap after GC invocations=39 (full 0):
 garbage-first heap   total 126976K, used 33918K [0x00000000c0000000, 0x0000000100000000)
  region size 1024K, 1 young (1024K), 1 survivors (1024K)
 Metaspace       used 28673K, committed 29504K, reserved 1114112K
  class space    used 2767K, committed 3136K, reserved 1048576K
}
Event: 2288.491 GC heap before
{Heap before GC invocations=39 (full 0):
 garbage-first heap   total 126976K, used 105598K [0x00000000c0000000, 0x0000000100000000)
  region size 1024K, 72 young (73728K), 1 survivors (1024K)
 Metaspace       used 28887K, committed 29696K, reserved 1114112K
  class space    used 2773K, committed 3136K, reserved 1048576K
}
Event: 2288.495 GC heap after
{Heap after GC invocations=40 (full 0):
 garbage-first heap   total 126976K, used 34079K [0x00000000c0000000, 0x0000000100000000)
  region size 1024K, 1 young (1024K), 1 survivors (1024K)
 Metaspace       used 28887K, committed 29696K, reserved 1114112K
  class space    used 2773K, committed 3136K, reserved 1048576K
}
Event: 2485.709 GC heap before
{Heap before GC invocations=41 (full 0):
 garbage-first heap   total 119808K, used 104735K [0x00000000c0000000, 0x0000000100000000)
  region size 1024K, 70 young (71680K), 1 survivors (1024K)
 Metaspace       used 28930K, committed 29760K, reserved 1114112K
  class space    used 2776K, committed 3136K, reserved 1048576K
}
Event: 2485.716 GC heap after
{Heap after GC invocations=42 (full 0):
 garbage-first heap   total 119808K, used 34015K [0x00000000c0000000, 0x0000000100000000)
  region size 1024K, 1 young (1024K), 1 survivors (1024K)
 Metaspace       used 28930K, committed 29760K, reserved 1114112K
  class space    used 2776K, committed 3136K, reserved 1048576K
}
Event: 2491.652 GC heap before
{Heap before GC invocations=42 (full 0):
 garbage-first heap   total 119808K, used 38111K [0x00000000c0000000, 0x0000000100000000)
  region size 1024K, 5 young (5120K), 1 survivors (1024K)
 Metaspace       used 28931K, committed 29760K, reserved 1114112K
  class space    used 2776K, committed 3136K, reserved 1048576K
}
Event: 2491.668 GC heap after
{Heap after GC invocations=43 (full 0):
 garbage-first heap   total 119808K, used 33533K [0x00000000c0000000, 0x0000000100000000)
  region size 1024K, 1 young (1024K), 1 survivors (1024K)
 Metaspace       used 28931K, committed 29760K, reserved 1114112K
  class space    used 2776K, committed 3136K, reserved 1048576K
}
Event: 2645.767 GC heap before
{Heap before GC invocations=43 (full 0):
 garbage-first heap   total 119808K, used 101117K [0x00000000c0000000, 0x0000000100000000)
  region size 1024K, 68 young (69632K), 1 survivors (1024K)
 Metaspace       used 28949K, committed 29760K, reserved 1114112K
  class space    used 2776K, committed 3136K, reserved 1048576K
}
Event: 2645.770 GC heap after
{Heap after GC invocations=44 (full 0):
 garbage-first heap   total 119808K, used 33584K [0x00000000c0000000, 0x0000000100000000)
  region size 1024K, 1 young (1024K), 1 survivors (1024K)
 Metaspace       used 28949K, committed 29760K, reserved 1114112K
  class space    used 2776K, committed 3136K, reserved 1048576K
}

