# JRE version: OpenJDK Runtime Environment Temurin-19.0.2+7 (19.0.2+7) (build 19.0.2+7)
# Java VM: OpenJDK 64-Bit Server VM Temurin-19.0.2+7 (19.0.2+7, mixed mode, sharing, tiered, compressed oops, compressed class ptrs, g1 gc, windows-amd64)
GC Precious Log:
 CardTable entry size: 512
 Card Set container configuration: InlinePtr #cards 5 size 8 Array Of Cards #cards 12 size 40 Howl #buckets 4 coarsen threshold 1843 Howl Bitmap #cards 512 size 80 coarsen threshold 460 Card regions per heap region 1 cards per card region 2048
 CPUs: 2 total, 2 available
 Memory: 3933M
 Large Page Support: Disabled
 NUMA Support: Disabled
 Compressed Oops: Enabled (32-bit)
 Heap Region Size: 1M
 Heap Min Capacity: 8M
 Heap Initial Capacity: 62M
 Heap Max Capacity: 1G
 Pre-touch: Disabled
 Parallel Workers: 2
 Concurrent Workers: 1
 Concurrent Refinement Workers: 2
 Periodic GC: Disabled
 String Deduplication is enabled
Heap:
 garbage-first heap   total 52224K, used 30424K [0x00000000c0000000, 0x0000000100000000)
  region size 1024K, 2 young (2048K), 2 survivors (2048K)
 Metaspace       used 25471K, committed 26176K, reserved 1114112K
  class space    used 2628K, committed 2944K, reserved 1048576K
GC Heap History (20 events):
Event: 1.542 GC heap before
{Heap before GC invocations=0 (full 0):
 garbage-first heap   total 63488K, used 5120K [0x00000000c0000000, 0x0000000100000000)
  region size 1024K, 6 young (6144K), 0 survivors (0K)
 Metaspace       used 2591K, committed 2752K, reserved 1114112K
  class space    used 249K, committed 320K, reserved 1048576K
}
Event: 1.570 GC heap after
{Heap after GC invocations=1 (full 0):
 garbage-first heap   total 63488K, used 2510K [0x00000000c0000000, 0x0000000100000000)
  region size 1024K, 1 young (1024K), 1 survivors (1024K)
 Metaspace       used 2591K, committed 2752K, reserved 1114112K
  class space    used 249K, committed 320K, reserved 1048576K
}
Event: 2.107 GC heap before
{Heap before GC invocations=1 (full 0):
 garbage-first heap   total 63488K, used 5582K [0x00000000c0000000, 0x0000000100000000)
  region size 1024K, 5 young (5120K), 1 survivors (1024K)
 Metaspace       used 3194K, committed 3328K, reserved 1114112K
  class space    used 314K, committed 384K, reserved 1048576K
}
Event: 2.115 GC heap after
{Heap after GC invocations=2 (full 0):
 garbage-first heap   total 63488K, used 3938K [0x00000000c0000000, 0x0000000100000000)
  region size 1024K, 1 young (1024K), 1 survivors (1024K)
 Metaspace       used 3194K, committed 3328K, reserved 1114112K
  class space    used 314K, committed 384K, reserved 1048576K
}
Event: 3.194 GC heap before
{Heap before GC invocations=2 (full 0):
 garbage-first heap   total 63488K, used 13154K [0x00000000c0000000, 0x0000000100000000)
  region size 1024K, 11 young (11264K), 1 survivors (1024K)
 Metaspace       used 6401K, committed 6592K, reserved 1114112K
  class space    used 615K, committed 704K, reserved 1048576K
}
Event: 3.199 GC heap after
{Heap after GC invocations=3 (full 0):
 garbage-first heap   total 63488K, used 5075K [0x00000000c0000000, 0x0000000100000000)
  region size 1024K, 2 young (2048K), 2 survivors (2048K)
 Metaspace       used 6401K, committed 6592K, reserved 1114112K
  class space    used 615K, committed 704K, reserved 1048576K
}
Event: 9.114 GC heap before
{Heap before GC invocations=3 (full 0):
 garbage-first heap   total 63488K, used 35795K [0x00000000c0000000, 0x0000000100000000)
  region size 1024K, 33 young (33792K), 2 survivors (2048K)
 Metaspace       used 15161K, committed 15680K, reserved 1114112K
  class space    used 1539K, committed 1728K, reserved 1048576K
}
Event: 9.125 GC heap after
{Heap after GC invocations=4 (full 0):
 garbage-first heap   total 63488K, used 8875K [0x00000000c0000000, 0x0000000100000000)
  region size 1024K, 5 young (5120K), 5 survivors (5120K)
 Metaspace       used 15161K, committed 15680K, reserved 1114112K
  class space    used 1539K, committed 1728K, reserved 1048576K
}
Event: 22.325 GC heap before
{Heap before GC invocations=4 (full 0):
 garbage-first heap   total 63488K, used 36523K [0x00000000c0000000, 0x0000000100000000)
  region size 1024K, 32 young (32768K), 5 survivors (5120K)
 Metaspace       used 15194K, committed 15680K, reserved 1114112K
  class space    used 1539K, committed 1728K, reserved 1048576K
}
Event: 22.337 GC heap after
{Heap after GC invocations=5 (full 0):
 garbage-first heap   total 63488K, used 10622K [0x00000000c0000000, 0x0000000100000000)
  region size 1024K, 2 young (2048K), 2 survivors (2048K)
 Metaspace       used 15194K, committed 15680K, reserved 1114112K
  class space    used 1539K, committed 1728K, reserved 1048576K
}
Event: 36.139 GC heap before
{Heap before GC invocations=5 (full 0):
 garbage-first heap   total 63488K, used 49534K [0x00000000c0000000, 0x0000000100000000)
  region size 1024K, 32 young (32768K), 2 survivors (2048K)
 Metaspace       used 17046K, committed 17600K, reserved 1114112K
  class space    used 1763K, committed 1984K, reserved 1048576K
}
Event: 36.145 GC heap after
{Heap after GC invocations=6 (full 0):
 garbage-first heap   total 63488K, used 12104K [0x00000000c0000000, 0x0000000100000000)
  region size 1024K, 4 young (4096K), 4 survivors (4096K)
 Metaspace       used 17046K, committed 17600K, reserved 1114112K
  class space    used 1763K, committed 1984K, reserved 1048576K
}
Event: 37.254 GC heap before
{Heap before GC invocations=6 (full 0):
 garbage-first heap   total 63488K, used 22344K [0x00000000c0000000, 0x0000000100000000)
  region size 1024K, 16 young (16384K), 4 survivors (4096K)
 Metaspace       used 20949K, committed 21504K, reserved 1114112K
  class space    used 2241K, committed 2496K, reserved 1048576K
}
Event: 37.266 GC heap after
{Heap after GC invocations=7 (full 0):
 garbage-first heap   total 63488K, used 13993K [0x00000000c0000000, 0x0000000100000000)
  region size 1024K, 5 young (5120K), 5 survivors (5120K)
 Metaspace       used 20949K, committed 21504K, reserved 1114112K
  class space    used 2241K, committed 2496K, reserved 1048576K
}
Event: 41.050 GC heap before
{Heap before GC invocations=8 (full 0):
 garbage-first heap   total 51200K, used 38569K [0x00000000c0000000, 0x0000000100000000)
  region size 1024K, 30 young (30720K), 5 survivors (5120K)
 Metaspace       used 25226K, committed 25984K, reserved 1114112K
  class space    used 2617K, committed 2944K, reserved 1048576K
}
Event: 41.066 GC heap after
{Heap after GC invocations=9 (full 0):
 garbage-first heap   total 52224K, used 20163K [0x00000000c0000000, 0x0000000100000000)
  region size 1024K, 4 young (4096K), 4 survivors (4096K)
 Metaspace       used 25226K, committed 25984K, reserved 1114112K
  class space    used 2617K, committed 2944K, reserved 1048576K
}
Event: 41.157 GC heap before
{Heap before GC invocations=9 (full 0):
 garbage-first heap   total 52224K, used 21187K [0x00000000c0000000, 0x0000000100000000)
  region size 1024K, 5 young (5120K), 4 survivors (4096K)
 Metaspace       used 25226K, committed 25984K, reserved 1114112K
  class space    used 2617K, committed 2944K, reserved 1048576K
}
Event: 41.164 GC heap after
{Heap after GC invocations=10 (full 0):
 garbage-first heap   total 52224K, used 21241K [0x00000000c0000000, 0x0000000100000000)
  region size 1024K, 1 young (1024K), 1 survivors (1024K)
 Metaspace       used 25226K, committed 25984K, reserved 1114112K
  class space    used 2617K, committed 2944K, reserved 1048576K
}
Event: 41.809 GC heap before
{Heap before GC invocations=10 (full 0):
 garbage-first heap   total 52224K, used 35577K [0x00000000c0000000, 0x0000000100000000)
  region size 1024K, 15 young (15360K), 1 survivors (1024K)
 Metaspace       used 25254K, committed 25984K, reserved 1114112K
  class space    used 2617K, committed 2944K, reserved 1048576K
}
Event: 41.822 GC heap after
{Heap after GC invocations=11 (full 0):
 garbage-first heap   total 52224K, used 26624K [0x00000000c0000000, 0x0000000100000000)
  region size 1024K, 2 young (2048K), 2 survivors (2048K)
 Metaspace       used 25254K, committed 25984K, reserved 1114112K
  class space    used 2617K, committed 2944K, reserved 1048576K
}

