# JRE version: OpenJDK Runtime Environment Temurin-19.0.2+7 (19.0.2+7) (build 19.0.2+7)
# Java VM: OpenJDK 64-Bit Server VM Temurin-19.0.2+7 (19.0.2+7, mixed mode, sharing, tiered, compressed oops, compressed class ptrs, g1 gc, windows-amd64)
GC Precious Log:
 CardTable entry size: 512
 Card Set container configuration: InlinePtr #cards 5 size 8 Array Of Cards #cards 12 size 40 Howl #buckets 4 coarsen threshold 1843 Howl Bitmap #cards 512 size 80 coarsen threshold 460 Card regions per heap region 1 cards per card region 2048
 CPUs: 2 total, 2 available
 Memory: 3933M
 Large Page Support: Disabled
 NUMA Support: Disabled
 Compressed Oops: Enabled (32-bit)
 Heap Region Size: 1M
 Heap Min Capacity: 8M
 Heap Initial Capacity: 62M
 Heap Max Capacity: 1G
 Pre-touch: Disabled
 Parallel Workers: 2
 Concurrent Workers: 1
 Concurrent Refinement Workers: 2
 Periodic GC: Disabled
 String Deduplication is enabled
Heap:
 garbage-first heap   total 45056K, used 32207K [0x00000000c0000000, 0x0000000100000000)
  region size 1024K, 16 young (16384K), 1 survivors (1024K)
 Metaspace       used 25903K, committed 26688K, reserved 1114112K
  class space    used 2563K, committed 2944K, reserved 1048576K
GC Heap History (20 events):
Event: 2871.452 GC heap before
{Heap before GC invocations=33 (full 0):
 garbage-first heap   total 45056K, used 36193K [0x00000000c0000000, 0x0000000100000000)
  region size 1024K, 19 young (19456K), 1 survivors (1024K)
 Metaspace       used 25414K, committed 26304K, reserved 1114112K
  class space    used 2524K, committed 2880K, reserved 1048576K
}
Event: 2871.454 GC heap after
{Heap after GC invocations=34 (full 0):
 garbage-first heap   total 45056K, used 18788K [0x00000000c0000000, 0x0000000100000000)
  region size 1024K, 1 young (1024K), 1 survivors (1024K)
 Metaspace       used 25414K, committed 26304K, reserved 1114112K
  class space    used 2524K, committed 2880K, reserved 1048576K
}
Event: 2996.138 GC heap before
{Heap before GC invocations=34 (full 0):
 garbage-first heap   total 45056K, used 37220K [0x00000000c0000000, 0x0000000100000000)
  region size 1024K, 19 young (19456K), 1 survivors (1024K)
 Metaspace       used 25414K, committed 26304K, reserved 1114112K
  class space    used 2524K, committed 2880K, reserved 1048576K
}
Event: 2996.139 GC heap after
{Heap after GC invocations=35 (full 0):
 garbage-first heap   total 45056K, used 18788K [0x00000000c0000000, 0x0000000100000000)
  region size 1024K, 1 young (1024K), 1 survivors (1024K)
 Metaspace       used 25414K, committed 26304K, reserved 1114112K
  class space    used 2524K, committed 2880K, reserved 1048576K
}
Event: 3120.356 GC heap before
{Heap before GC invocations=35 (full 0):
 garbage-first heap   total 45056K, used 37220K [0x00000000c0000000, 0x0000000100000000)
  region size 1024K, 19 young (19456K), 1 survivors (1024K)
 Metaspace       used 25414K, committed 26304K, reserved 1114112K
  class space    used 2524K, committed 2880K, reserved 1048576K
}
Event: 3120.356 GC heap after
{Heap after GC invocations=36 (full 0):
 garbage-first heap   total 45056K, used 18787K [0x00000000c0000000, 0x0000000100000000)
  region size 1024K, 1 young (1024K), 1 survivors (1024K)
 Metaspace       used 25414K, committed 26304K, reserved 1114112K
  class space    used 2524K, committed 2880K, reserved 1048576K
}
Event: 3244.302 GC heap before
{Heap before GC invocations=36 (full 0):
 garbage-first heap   total 45056K, used 37219K [0x00000000c0000000, 0x0000000100000000)
  region size 1024K, 19 young (19456K), 1 survivors (1024K)
 Metaspace       used 25418K, committed 26304K, reserved 1114112K
  class space    used 2524K, committed 2880K, reserved 1048576K
}
Event: 3244.303 GC heap after
{Heap after GC invocations=37 (full 0):
 garbage-first heap   total 45056K, used 18791K [0x00000000c0000000, 0x0000000100000000)
  region size 1024K, 1 young (1024K), 1 survivors (1024K)
 Metaspace       used 25418K, committed 26304K, reserved 1114112K
  class space    used 2524K, committed 2880K, reserved 1048576K
}
Event: 3369.105 GC heap before
{Heap before GC invocations=37 (full 0):
 garbage-first heap   total 45056K, used 37223K [0x00000000c0000000, 0x0000000100000000)
  region size 1024K, 19 young (19456K), 1 survivors (1024K)
 Metaspace       used 25439K, committed 26304K, reserved 1114112K
  class space    used 2524K, committed 2880K, reserved 1048576K
}
Event: 3369.106 GC heap after
{Heap after GC invocations=38 (full 0):
 garbage-first heap   total 45056K, used 18779K [0x00000000c0000000, 0x0000000100000000)
  region size 1024K, 1 young (1024K), 1 survivors (1024K)
 Metaspace       used 25439K, committed 26304K, reserved 1114112K
  class space    used 2524K, committed 2880K, reserved 1048576K
}
Event: 3437.289 GC heap before
{Heap before GC invocations=38 (full 0):
 garbage-first heap   total 45056K, used 36187K [0x00000000c0000000, 0x0000000100000000)
  region size 1024K, 19 young (19456K), 1 survivors (1024K)
 Metaspace       used 25458K, committed 26304K, reserved 1114112K
  class space    used 2524K, committed 2880K, reserved 1048576K
}
Event: 3437.295 GC heap after
{Heap after GC invocations=39 (full 0):
 garbage-first heap   total 45056K, used 18748K [0x00000000c0000000, 0x0000000100000000)
  region size 1024K, 1 young (1024K), 1 survivors (1024K)
 Metaspace       used 25458K, committed 26304K, reserved 1114112K
  class space    used 2524K, committed 2880K, reserved 1048576K
}
Event: 3586.557 GC heap before
{Heap before GC invocations=39 (full 0):
 garbage-first heap   total 45056K, used 37180K [0x00000000c0000000, 0x0000000100000000)
  region size 1024K, 19 young (19456K), 1 survivors (1024K)
 Metaspace       used 25458K, committed 26304K, reserved 1114112K
  class space    used 2524K, committed 2880K, reserved 1048576K
}
Event: 3586.557 GC heap after
{Heap after GC invocations=40 (full 0):
 garbage-first heap   total 45056K, used 18784K [0x00000000c0000000, 0x0000000100000000)
  region size 1024K, 1 young (1024K), 1 survivors (1024K)
 Metaspace       used 25458K, committed 26304K, reserved 1114112K
  class space    used 2524K, committed 2880K, reserved 1048576K
}
Event: 3679.471 GC heap before
{Heap before GC invocations=40 (full 0):
 garbage-first heap   total 45056K, used 36192K [0x00000000c0000000, 0x0000000100000000)
  region size 1024K, 19 young (19456K), 1 survivors (1024K)
 Metaspace       used 25459K, committed 26304K, reserved 1114112K
  class space    used 2524K, committed 2880K, reserved 1048576K
}
Event: 3679.477 GC heap after
{Heap after GC invocations=41 (full 0):
 garbage-first heap   total 45056K, used 18838K [0x00000000c0000000, 0x0000000100000000)
  region size 1024K, 1 young (1024K), 1 survivors (1024K)
 Metaspace       used 25459K, committed 26304K, reserved 1114112K
  class space    used 2524K, committed 2880K, reserved 1048576K
}
Event: 3811.660 GC heap before
{Heap before GC invocations=41 (full 0):
 garbage-first heap   total 45056K, used 37270K [0x00000000c0000000, 0x0000000100000000)
  region size 1024K, 19 young (19456K), 1 survivors (1024K)
 Metaspace       used 25459K, committed 26304K, reserved 1114112K
  class space    used 2524K, committed 2880K, reserved 1048576K
}
Event: 3811.660 GC heap after
{Heap after GC invocations=42 (full 0):
 garbage-first heap   total 45056K, used 18748K [0x00000000c0000000, 0x0000000100000000)
  region size 1024K, 1 young (1024K), 1 survivors (1024K)
 Metaspace       used 25459K, committed 26304K, reserved 1114112K
  class space    used 2524K, committed 2880K, reserved 1048576K
}
Event: 3972.124 GC heap before
{Heap before GC invocations=42 (full 0):
 garbage-first heap   total 45056K, used 37180K [0x00000000c0000000, 0x0000000100000000)
  region size 1024K, 19 young (19456K), 1 survivors (1024K)
 Metaspace       used 25498K, committed 26304K, reserved 1114112K
  class space    used 2526K, committed 2880K, reserved 1048576K
}
Event: 3972.131 GC heap after
{Heap after GC invocations=43 (full 0):
 garbage-first heap   total 45056K, used 18895K [0x00000000c0000000, 0x0000000100000000)
  region size 1024K, 1 young (1024K), 1 survivors (1024K)
 Metaspace       used 25498K, committed 26304K, reserved 1114112K
  class space    used 2526K, committed 2880K, reserved 1048576K
}

